<?xml version="1.0" encoding="UTF-8"?>
<!-- Generated by org.testng.reporters.JUnitReportReporter -->
<testsuite skipped="0" hostname="DESKTOP-4TJGHAF" name="restAssuredApiTest.Demo5_BasicValidations_Json" tests="5" failures="0" timestamp="2020-07-09T11:47:59 CEST" time="5.402" errors="0">
  <testcase name="testStatusCode" time="2.956" classname="restAssuredApiTest.Demo5_BasicValidations_Json"/>
  <system-out/>
  <testcase name="testLogging" time="0.427" classname="restAssuredApiTest.Demo5_BasicValidations_Json"/>
  <system-out/>
  <testcase name="verifySingleContent" time="1.162" classname="restAssuredApiTest.Demo5_BasicValidations_Json"/>
  <system-out/>
  <testcase name="verifymultipleContents" time="0.187" classname="restAssuredApiTest.Demo5_BasicValidations_Json"/>
  <system-out/>
  <testcase name="setParametersAndHeaders" time="0.670" classname="restAssuredApiTest.Demo5_BasicValidations_Json"/>
  <system-out/>
</testsuite> <!-- restAssuredApiTest.Demo5_BasicValidations_Json -->
