<?xml version="1.0" encoding="UTF-8"?>
<!-- Generated by org.testng.reporters.JUnitReportReporter -->
<testsuite skipped="0" hostname="DESKTOP-4TJGHAF" name="restAssuredApiTest.Demo3_PutRequest" tests="1" failures="0" timestamp="2020-07-07T11:02:21 CEST" time="3.692" errors="0">
  <testcase name="testPutRequest" time="3.692" classname="restAssuredApiTest.Demo3_PutRequest"/>
  <system-out/>
</testsuite> <!-- restAssuredApiTest.Demo3_PutRequest -->
