<?xml version="1.0" encoding="UTF-8"?>
<!-- Generated by org.testng.reporters.JUnitReportReporter -->
<testsuite skipped="0" hostname="DESKTOP-4TJGHAF" name="restAssuredApiTest.Demo4_DeleteRequest" tests="1" failures="0" timestamp="2020-07-07T11:19:31 CEST" time="5.417" errors="0">
  <testcase name="deleteRecord" time="5.417" classname="restAssuredApiTest.Demo4_DeleteRequest"/>
  <system-out/>
</testsuite> <!-- restAssuredApiTest.Demo4_DeleteRequest -->
